[2020-01-06T11:37:00.281] [DEBUG] cheese - login => username:12,password:123
[2020-01-06T11:37:00.286] [DEBUG] cheese - 12
[2020-01-06T11:37:00.308] [DEBUG] cheese - null
[2020-01-06T11:37:00.309] [DEBUG] cheese - null
[2020-01-06T11:37:21.387] [DEBUG] cheese - login => username:admin,password:123456
[2020-01-06T11:37:21.387] [DEBUG] cheese - admin
[2020-01-06T11:37:21.397] [DEBUG] cheese - null
[2020-01-06T11:37:21.397] [DEBUG] cheese - null
[2020-01-06T15:44:40.602] [DEBUG] cheese - login => username:123,password:1223345
[2020-01-06T15:44:40.605] [DEBUG] cheese - 123
[2020-01-06T15:44:40.654] [DEBUG] cheese - null
[2020-01-06T15:44:40.655] [DEBUG] cheese - null
[2020-01-06T15:45:29.205] [DEBUG] cheese - login => username:admin,password:123456
[2020-01-06T15:45:29.205] [DEBUG] cheese - admin
[2020-01-06T15:45:29.232] [DEBUG] cheese - null
[2020-01-06T15:45:29.233] [DEBUG] cheese - null
[2020-01-06T15:49:23.263] [DEBUG] cheese - login => username:123,password:123767898
[2020-01-06T15:49:23.263] [DEBUG] cheese - 123
[2020-01-06T15:49:23.273] [DEBUG] cheese - null
[2020-01-06T15:49:23.274] [DEBUG] cheese - null
[2020-01-06T15:49:36.393] [DEBUG] cheese - login => username:admin,password:123456
[2020-01-06T15:49:36.393] [DEBUG] cheese - admin
[2020-01-06T15:49:36.405] [DEBUG] cheese - null
[2020-01-06T15:49:36.406] [DEBUG] cheese - null
[2020-01-06T15:56:53.504] [DEBUG] cheese - login => username:12223,password:454455556
[2020-01-06T15:56:53.505] [DEBUG] cheese - 12223
[2020-01-06T15:56:53.512] [DEBUG] cheese - null
[2020-01-06T15:56:53.512] [DEBUG] cheese - null
[2020-01-06T15:57:05.043] [DEBUG] cheese - login => username:admin,password:122334
[2020-01-06T15:57:05.044] [DEBUG] cheese - admin
[2020-01-06T15:57:05.049] [DEBUG] cheese - null
[2020-01-06T15:57:05.049] [DEBUG] cheese - null
[2020-01-06T15:57:11.124] [DEBUG] cheese - login => username:admin,password:123456
[2020-01-06T15:57:11.125] [DEBUG] cheese - admin
[2020-01-06T15:57:11.130] [DEBUG] cheese - null
[2020-01-06T15:57:11.131] [DEBUG] cheese - null
[2020-01-06T16:00:38.532] [DEBUG] cheese - login => username:admin,password:123456
[2020-01-06T16:00:38.532] [DEBUG] cheese - admin
[2020-01-06T16:00:38.551] [DEBUG] cheese - null
[2020-01-06T16:00:38.551] [DEBUG] cheese - null
[2020-01-06T16:03:53.521] [DEBUG] cheese - login => username:admin,password:123456
[2020-01-06T16:03:53.521] [DEBUG] cheese - admin
[2020-01-06T16:03:53.530] [DEBUG] cheese - null
[2020-01-06T16:03:53.530] [DEBUG] cheese - null
[2020-01-06T16:04:16.220] [DEBUG] cheese - login => username:admin,password:123456
[2020-01-06T16:04:16.220] [DEBUG] cheese - admin
[2020-01-06T16:04:16.238] [DEBUG] cheese - null
[2020-01-06T16:04:16.238] [DEBUG] cheese - null
[2020-01-06T16:05:40.374] [DEBUG] cheese - login => username:admin,password:123456
[2020-01-06T16:05:40.375] [DEBUG] cheese - admin
[2020-01-06T16:05:40.389] [DEBUG] cheese - null
[2020-01-06T16:05:40.389] [DEBUG] cheese - null
[2020-01-06T16:06:39.900] [DEBUG] cheese - login => username:admin,password:123456
[2020-01-06T16:06:39.900] [DEBUG] cheese - admin
[2020-01-06T16:06:40.231] [DEBUG] cheese - null
[2020-01-06T16:06:40.232] [DEBUG] cheese - null
[2020-01-06T16:08:07.988] [DEBUG] cheese - login => username:admin,password:123456
[2020-01-06T16:08:07.989] [DEBUG] cheese - admin
[2020-01-06T16:08:08.006] [DEBUG] cheese - null
[2020-01-06T16:08:08.006] [DEBUG] cheese - null
[2020-01-06T16:35:42.283] [DEBUG] cheese - login => username:admin,password:123456
[2020-01-06T16:35:42.284] [DEBUG] cheese - admin
[2020-01-06T16:35:42.298] [DEBUG] cheese - null
[2020-01-06T16:35:42.298] [DEBUG] cheese - null
[2020-01-06T16:40:07.369] [DEBUG] cheese - login => username:admin,password:123456
[2020-01-06T16:40:07.369] [DEBUG] cheese - admin
[2020-01-06T16:40:07.380] [DEBUG] cheese - null
[2020-01-06T16:40:07.380] [DEBUG] cheese - null
[2020-01-06T16:53:35.964] [DEBUG] cheese - login => username:admin,password:123456
[2020-01-06T16:53:35.964] [DEBUG] cheese - admin
[2020-01-06T16:53:35.974] [DEBUG] cheese - null
[2020-01-06T16:53:35.974] [DEBUG] cheese - null
[2020-01-06T17:39:50.126] [DEBUG] cheese - login => username:admin,password:123456
[2020-01-06T17:39:50.127] [DEBUG] cheese - admin
[2020-01-06T17:39:50.140] [DEBUG] cheese - null
[2020-01-06T17:39:50.141] [DEBUG] cheese - null
[2020-01-06T17:55:09.850] [DEBUG] cheese - login => username:admin,password:123456
[2020-01-06T17:55:09.850] [DEBUG] cheese - admin
[2020-01-06T17:55:09.854] [DEBUG] cheese - null
[2020-01-06T17:55:09.854] [DEBUG] cheese - null
[2020-01-06T18:45:56.561] [DEBUG] cheese - login => username:admin,password:123456
[2020-01-06T18:45:56.562] [DEBUG] cheese - admin
[2020-01-06T18:45:56.575] [DEBUG] cheese - null
[2020-01-06T18:45:56.575] [DEBUG] cheese - null
[2020-01-06T18:49:07.733] [DEBUG] cheese - login => username:admin,password:123334
[2020-01-06T18:49:07.733] [DEBUG] cheese - admin
[2020-01-06T18:49:07.738] [DEBUG] cheese - null
[2020-01-06T18:49:07.738] [DEBUG] cheese - null
[2020-01-06T18:49:09.741] [DEBUG] cheese - login => username:admin,password:123334
[2020-01-06T18:49:09.741] [DEBUG] cheese - admin
[2020-01-06T18:49:09.745] [DEBUG] cheese - null
[2020-01-06T18:49:09.745] [DEBUG] cheese - null
[2020-01-06T18:49:10.217] [DEBUG] cheese - login => username:admin,password:123334
[2020-01-06T18:49:10.217] [DEBUG] cheese - admin
[2020-01-06T18:49:10.224] [DEBUG] cheese - null
[2020-01-06T18:49:10.224] [DEBUG] cheese - null
[2020-01-06T18:49:10.403] [DEBUG] cheese - login => username:admin,password:123334
[2020-01-06T18:49:10.403] [DEBUG] cheese - admin
[2020-01-06T18:49:10.410] [DEBUG] cheese - null
[2020-01-06T18:49:10.410] [DEBUG] cheese - null
[2020-01-06T18:49:10.812] [DEBUG] cheese - login => username:admin,password:123334
[2020-01-06T18:49:10.812] [DEBUG] cheese - admin
[2020-01-06T18:49:10.817] [DEBUG] cheese - null
[2020-01-06T18:49:10.817] [DEBUG] cheese - null
[2020-01-06T18:49:10.995] [DEBUG] cheese - login => username:admin,password:123334
[2020-01-06T18:49:10.995] [DEBUG] cheese - admin
[2020-01-06T18:49:11.000] [DEBUG] cheese - null
[2020-01-06T18:49:11.000] [DEBUG] cheese - null
[2020-01-06T18:49:11.173] [DEBUG] cheese - login => username:admin,password:123334
[2020-01-06T18:49:11.173] [DEBUG] cheese - admin
[2020-01-06T18:49:11.180] [DEBUG] cheese - null
[2020-01-06T18:49:11.180] [DEBUG] cheese - null
[2020-01-06T18:49:23.679] [DEBUG] cheese - login => username:admin,password:123334
[2020-01-06T18:49:23.679] [DEBUG] cheese - admin
[2020-01-06T18:49:23.686] [DEBUG] cheese - null
[2020-01-06T18:49:23.686] [DEBUG] cheese - null
[2020-01-06T18:49:23.896] [DEBUG] cheese - login => username:admin,password:123334
[2020-01-06T18:49:23.896] [DEBUG] cheese - admin
[2020-01-06T18:49:23.905] [DEBUG] cheese - null
[2020-01-06T18:49:23.905] [DEBUG] cheese - null
[2020-01-06T18:49:24.089] [DEBUG] cheese - login => username:admin,password:123334
[2020-01-06T18:49:24.089] [DEBUG] cheese - admin
[2020-01-06T18:49:24.096] [DEBUG] cheese - null
[2020-01-06T18:49:24.096] [DEBUG] cheese - null
[2020-01-06T18:49:36.680] [DEBUG] cheese - login => username:admin,password:123334
[2020-01-06T18:49:36.680] [DEBUG] cheese - admin
[2020-01-06T18:49:36.690] [DEBUG] cheese - null
[2020-01-06T18:49:36.690] [DEBUG] cheese - null
[2020-01-06T18:49:37.869] [DEBUG] cheese - login => username:admin,password:123334
[2020-01-06T18:49:37.870] [DEBUG] cheese - admin
[2020-01-06T18:49:37.879] [DEBUG] cheese - null
[2020-01-06T18:49:37.880] [DEBUG] cheese - null
[2020-01-06T18:49:39.791] [DEBUG] cheese - login => username:admin,password:123334123
[2020-01-06T18:49:39.792] [DEBUG] cheese - admin
[2020-01-06T18:49:39.805] [DEBUG] cheese - null
[2020-01-06T18:49:39.805] [DEBUG] cheese - null
[2020-01-06T18:49:53.587] [DEBUG] cheese - login => username:admin,password:122333445
[2020-01-06T18:49:53.587] [DEBUG] cheese - admin
[2020-01-06T18:49:53.596] [DEBUG] cheese - null
[2020-01-06T18:49:53.596] [DEBUG] cheese - null
[2020-01-06T18:49:55.283] [DEBUG] cheese - login => username:admin,password:122333445
[2020-01-06T18:49:55.283] [DEBUG] cheese - admin
[2020-01-06T18:49:55.290] [DEBUG] cheese - null
[2020-01-06T18:49:55.290] [DEBUG] cheese - null
[2020-01-06T18:49:55.977] [DEBUG] cheese - login => username:admin,password:122333445
[2020-01-06T18:49:55.977] [DEBUG] cheese - admin
[2020-01-06T18:49:55.983] [DEBUG] cheese - null
[2020-01-06T18:49:55.983] [DEBUG] cheese - null
[2020-01-06T18:49:56.187] [DEBUG] cheese - login => username:admin,password:122333445
[2020-01-06T18:49:56.187] [DEBUG] cheese - admin
[2020-01-06T18:49:56.196] [DEBUG] cheese - null
[2020-01-06T18:49:56.196] [DEBUG] cheese - null
[2020-01-06T18:49:56.371] [DEBUG] cheese - login => username:admin,password:122333445
[2020-01-06T18:49:56.371] [DEBUG] cheese - admin
[2020-01-06T18:49:56.377] [DEBUG] cheese - null
[2020-01-06T18:49:56.378] [DEBUG] cheese - null
[2020-01-06T18:49:56.547] [DEBUG] cheese - login => username:admin,password:122333445
[2020-01-06T18:49:56.547] [DEBUG] cheese - admin
[2020-01-06T18:49:56.555] [DEBUG] cheese - null
[2020-01-06T18:49:56.555] [DEBUG] cheese - null
[2020-01-06T18:50:48.113] [DEBUG] cheese - login => username:admin,password:122333445
[2020-01-06T18:50:48.113] [DEBUG] cheese - admin
[2020-01-06T18:50:48.118] [DEBUG] cheese - null
[2020-01-06T18:50:48.118] [DEBUG] cheese - null
[2020-01-06T18:50:53.855] [DEBUG] cheese - login => username:admin,password:123456
[2020-01-06T18:50:53.855] [DEBUG] cheese - admin
[2020-01-06T18:50:53.860] [DEBUG] cheese - null
[2020-01-06T18:50:53.860] [DEBUG] cheese - null
[2020-01-06T19:13:00.680] [DEBUG] cheese - login => username:admin,password:123456
[2020-01-06T19:13:00.681] [DEBUG] cheese - admin
[2020-01-06T19:13:00.690] [DEBUG] cheese - null
[2020-01-06T19:13:00.690] [DEBUG] cheese - null
[2020-01-06T19:20:52.008] [DEBUG] cheese - login => username:admin,password:123456
[2020-01-06T19:20:52.008] [DEBUG] cheese - admin
[2020-01-06T19:20:52.012] [DEBUG] cheese - null
[2020-01-06T19:20:52.012] [DEBUG] cheese - null
[2020-01-06T20:00:54.043] [DEBUG] cheese - login => username:admin,password:123456
[2020-01-06T20:00:54.043] [DEBUG] cheese - admin
[2020-01-06T20:00:54.060] [DEBUG] cheese - null
[2020-01-06T20:00:54.060] [DEBUG] cheese - null
[2020-01-06T20:03:25.530] [DEBUG] cheese - login => username:admin,password:123456
[2020-01-06T20:03:25.531] [DEBUG] cheese - admin
[2020-01-06T20:03:25.541] [DEBUG] cheese - null
[2020-01-06T20:03:25.542] [DEBUG] cheese - null
[2020-01-06T22:11:39.100] [DEBUG] cheese - login => username:admin,password:123456
[2020-01-06T22:11:39.101] [DEBUG] cheese - admin
[2020-01-06T22:11:39.115] [DEBUG] cheese - null
[2020-01-06T22:11:39.115] [DEBUG] cheese - null
